c:\users\joshua\desktop\ged\group\gedgame_vs2017\projects\game\x64\debug\vc141.pdb
c:\users\joshua\desktop\ged\group\gedgame_vs2017\projects\game\x64\debug\vc141.idb
c:\users\joshua\desktop\ged\group\gedgame_vs2017\projects\game\x64\debug\terrain.obj
c:\users\joshua\desktop\ged\group\gedgame_vs2017\projects\game\x64\debug\t3d.obj
c:\users\joshua\desktop\ged\group\gedgame_vs2017\projects\game\x64\debug\spriterenderer.obj
c:\users\joshua\desktop\ged\group\gedgame_vs2017\projects\game\x64\debug\mesh.obj
c:\users\joshua\desktop\ged\group\gedgame_vs2017\projects\game\x64\debug\game.obj
c:\users\joshua\desktop\ged\group\gedgame_vs2017\projects\game\x64\debug\configparser.obj
c:\users\joshua\desktop\ged\group\gedgame_vs2017\x64\debug\shader\game.fxo
c:\users\joshua\desktop\ged\group\gedgame_vs2017\x64\debug\shader\spriterenderer.fxo
c:\users\joshua\desktop\ged\group\gedgame_vs2017\x64\debug\game.ilk
c:\users\joshua\desktop\ged\group\gedgame_vs2017\x64\debug\game.exe
c:\users\joshua\desktop\ged\group\gedgame_vs2017\x64\debug\game.pdb
c:\users\joshua\desktop\ged\group\gedgame_vs2017\projects\game\x64\debug\game.tlog\cl.command.1.tlog
c:\users\joshua\desktop\ged\group\gedgame_vs2017\projects\game\x64\debug\game.tlog\cl.read.1.tlog
c:\users\joshua\desktop\ged\group\gedgame_vs2017\projects\game\x64\debug\game.tlog\cl.write.1.tlog
c:\users\joshua\desktop\ged\group\gedgame_vs2017\projects\game\x64\debug\game.tlog\fxc.command.1.tlog
c:\users\joshua\desktop\ged\group\gedgame_vs2017\projects\game\x64\debug\game.tlog\fxc.read.1.tlog
c:\users\joshua\desktop\ged\group\gedgame_vs2017\projects\game\x64\debug\game.tlog\fxc.write.1.tlog
c:\users\joshua\desktop\ged\group\gedgame_vs2017\projects\game\x64\debug\game.tlog\link.command.1.tlog
c:\users\joshua\desktop\ged\group\gedgame_vs2017\projects\game\x64\debug\game.tlog\link.read.1.tlog
c:\users\joshua\desktop\ged\group\gedgame_vs2017\projects\game\x64\debug\game.tlog\link.write.1.tlog
