FXC : warning X4717: Effects deprecated for D3DCompiler_47
  
  compilation object save succeeded; see C:\Users\Joshua\Desktop\GED\Group\GEDGame_VS2017\x64\Debug\shader\SpriteRenderer.fxo
  ConfigParser.cpp
  Game.cpp
c:\users\joshua\desktop\ged\group\gedgame_vs2017\projects\game\src\game.cpp(49): warning C4305: 'initializing': truncation from 'double' to 'float'
c:\users\joshua\desktop\ged\group\gedgame_vs2017\projects\game\src\game.cpp(731): warning C4244: 'argument': conversion from 'time_t' to 'unsigned int', possible loss of data
c:\users\joshua\desktop\ged\group\gedgame_vs2017\projects\game\src\game.cpp(734): warning C4244: 'initializing': conversion from '__int64' to 'int', possible loss of data
c:\users\joshua\desktop\ged\group\gedgame_vs2017\projects\game\src\game.cpp(748): warning C4244: 'argument': conversion from 'time_t' to 'unsigned int', possible loss of data
c:\users\joshua\desktop\ged\group\gedgame_vs2017\projects\game\src\game.cpp(761): warning C4244: 'argument': conversion from 'time_t' to 'unsigned int', possible loss of data
c:\users\joshua\desktop\ged\group\gedgame_vs2017\projects\game\src\game.cpp(906): warning C4244: 'initializing': conversion from 'float' to 'int', possible loss of data
  Terrain.cpp
c:\users\joshua\desktop\ged\group\gedgame_vs2017\projects\game\src\terrain.cpp(78): warning C4244: '=': conversion from 'float' to 'UINT', possible loss of data
c:\users\joshua\desktop\ged\group\gedgame_vs2017\projects\game\src\terrain.cpp(91): warning C4244: '=': conversion from 'float' to 'UINT', possible loss of data
c:\users\joshua\desktop\ged\group\gedgame_vs2017\projects\game\src\terrain.cpp(105): warning C4244: 'initializing': conversion from 'float' to 'int', possible loss of data
c:\users\joshua\desktop\ged\group\gedgame_vs2017\projects\game\src\terrain.cpp(106): warning C4244: '=': conversion from 'float' to 'int', possible loss of data
c:\users\joshua\desktop\ged\group\gedgame_vs2017\projects\game\src\terrain.cpp(107): warning C4244: '=': conversion from 'float' to 'int', possible loss of data
c:\users\joshua\desktop\ged\group\gedgame_vs2017\projects\game\src\terrain.cpp(108): warning C4244: '=': conversion from 'float' to 'int', possible loss of data
c:\users\joshua\desktop\ged\group\gedgame_vs2017\projects\game\src\terrain.cpp(109): warning C4244: '=': conversion from 'float' to 'int', possible loss of data
c:\users\joshua\desktop\ged\group\gedgame_vs2017\projects\game\src\terrain.cpp(110): warning C4244: '=': conversion from 'float' to 'int', possible loss of data
c:\users\joshua\desktop\ged\group\gedgame_vs2017\projects\game\src\terrain.cpp(111): warning C4244: '=': conversion from 'float' to 'int', possible loss of data
c:\users\joshua\desktop\ged\group\gedgame_vs2017\projects\game\src\terrain.cpp(154): warning C4244: '=': conversion from 'UINT' to 'float', possible loss of data
c:\users\joshua\desktop\ged\group\gedgame_vs2017\projects\game\src\terrain.cpp(155): warning C4244: '=': conversion from 'UINT' to 'float', possible loss of data
c:\users\joshua\desktop\ged\group\gedgame_vs2017\projects\game\src\terrain.cpp(291): warning C4244: 'argument': conversion from 'float' to 'const int', possible loss of data
  Generating Code...
  Game.vcxproj -> C:\Users\Joshua\Desktop\GED\Group\GEDGame_VS2017\x64\Debug\Game.exe
  
  	                   0	C:\Users\Joshua\Desktop\GED\Group\GEDGame_VS2017\projects\DXUT\Media\
  	                   2	C:\Users\Joshua\Desktop\GED\Group\GEDGame_VS2017\projects\DXUT\Media\UI\
  
  	                   1	C:\Users\Joshua\Desktop\GED\Group\GEDGame_VS2017\projects\Game\
  	    Newer     		    2647	game.cfg
